[2026-01-03T22:29:59.094138] Fix mislukt. Oorzaak: Tests gefaald na wijzigingen.
FAILURE_EVENT|2026-01-03T22:38:10.604825|Context:Refactor|Error:Tests gefaald na wijzigingen.
FAILURE_EVENT|2026-01-03T22:59:24.558001|Context:Refactor|Error:Tests gefaald na wijzigingen.
FAILURE_EVENT|2026-01-03T23:21:53.375978|Context:Refactor|Error:Tests gefaald na wijzigingen.
FAILURE|2026-01-04T00:02:25.143331|Tests gefaald na wijzigingen.
FAILURE|2026-01-04 00:36:10.519781|Tests gefaald na wijzigingen.
